<?xml version="1.0" encoding="UTF-8"?>
<!-- Generated by org.testng.reporters.JUnitReportReporter -->
<testsuite hostname="DESKTOP-7TQGVCE" failures="0" tests="3" name="testcases.LoginTestCase" time="27.902" errors="0" timestamp="2023-07-05T14:18:01 CDT" skipped="0">
  <testcase classname="testcases.LoginTestCase" name="verifyLogin" time="9.331"/>
  <testcase classname="testcases.LoginTestCase" name="verifyLogin" time="9.479"/>
  <testcase classname="testcases.LoginTestCase" name="verifyLogin" time="9.092"/>
</testsuite> <!-- testcases.LoginTestCase -->
