<?xml version="1.0" encoding="UTF-8"?>
<!-- Generated by org.testng.reporters.JUnitReportReporter -->
<testsuite hostname="DESKTOP-7TQGVCE" failures="0" tests="1" name="testcases.SignupTestCases" time="22.083" errors="0" timestamp="2023-07-05T14:18:01 CDT" skipped="0">
  <testcase classname="testcases.SignupTestCases" name="verifySignup" time="22.083"/>
</testsuite> <!-- testcases.SignupTestCases -->
